<?xml version="1.0" encoding="UTF-8"?>
<!-- Generated by org.testng.reporters.JUnitReportReporter -->
<testsuite skipped="0" hostname="LAPTOP-7J4AUQ5A" name="testpage.homepagetest" tests="3" failures="0" timestamp="25 Feb 2020 09:21:03 GMT" time="10.199" errors="0">
  <testcase name="verifydressestab" time="4.319" classname="testpage.homepagetest"/>
  <testcase name="verifywomentab" time="2.827" classname="testpage.homepagetest"/>
  <testcase name="verifytshirtstab" time="3.053" classname="testpage.homepagetest"/>
</testsuite> <!-- testpage.homepagetest -->
